  main.cpp
C:\Users\matuf\source\repos\CH\vectorops.h(22,49): warning C4244: 'argumento': conversão de 'double' para 'float', possível perda de dados
C:\Users\matuf\source\repos\CH\vectorops.h(27,49): warning C4244: 'argumento': conversão de 'double' para 'float', possível perda de dados
C:\Users\matuf\source\repos\CH\vectorops.h(32,50): warning C4244: 'argumento': conversão de 'double' para 'float', possível perda de dados
C:\Users\matuf\source\repos\CH\vectorops.h(103,10): warning C4244: 'argumento': conversão de 'double' para 'float', possível perda de dados
C:\Users\matuf\source\repos\CH\vectorops.h(103,24): warning C4244: 'argumento': conversão de 'double' para 'float', possível perda de dados
C:\Users\matuf\source\repos\CH\vectorops.h(105,11): warning C4244: 'argumento': conversão de 'double' para 'float', possível perda de dados
C:\Users\matuf\source\repos\CH\vectorops.h(105,25): warning C4244: 'argumento': conversão de 'double' para 'float', possível perda de dados
C:\Users\matuf\source\repos\CH\vectorops.h(113,10): warning C4244: 'argumento': conversão de 'double' para 'float', possível perda de dados
C:\Users\matuf\source\repos\CH\vectorops.h(113,22): warning C4244: 'argumento': conversão de 'double' para 'float', possível perda de dados
C:\Users\matuf\source\repos\CH\vectorops.h(114,10): warning C4244: 'argumento': conversão de 'double' para 'float', possível perda de dados
C:\Users\matuf\source\repos\CH\vectorops.h(114,21): warning C4244: 'argumento': conversão de 'double' para 'float', possível perda de dados
C:\Users\matuf\source\repos\CH\vectorops.h(125,14): warning C4244: 'argumento': conversão de 'double' para 'float', possível perda de dados
C:\Users\matuf\source\repos\CH\vectorops.h(125,43): warning C4244: 'argumento': conversão de 'double' para 'float', possível perda de dados
C:\Users\matuf\source\repos\CH\vectorops.h(125,72): warning C4244: 'argumento': conversão de 'double' para 'float', possível perda de dados
C:\Users\matuf\source\repos\CH\vectorops.h(125,91): warning C4244: 'argumento': conversão de 'double' para 'float', possível perda de dados
C:\Users\matuf\source\repos\CH\vectorops.h(126,38): warning C4244: 'argumento': conversão de 'double' para 'float', possível perda de dados
C:\Users\matuf\source\repos\CH\vectorops.h(126,57): warning C4244: 'argumento': conversão de 'double' para 'float', possível perda de dados
C:\Users\matuf\source\repos\CH\vectorops.h(128,31): warning C4244: 'argumento': conversão de 'double' para 'float', possível perda de dados
C:\Users\matuf\source\repos\CH\vectorops.h(128,50): warning C4244: 'argumento': conversão de 'double' para 'float', possível perda de dados
C:\Users\matuf\source\repos\CH\vectorops.h(128,61): warning C4244: 'argumento': conversão de 'double' para 'float', possível perda de dados
C:\Users\matuf\source\repos\CH\vectorops.h(128,90): warning C4244: 'argumento': conversão de 'double' para 'float', possível perda de dados
C:\Users\matuf\source\repos\CH\vectorops.h(129,38): warning C4244: 'argumento': conversão de 'double' para 'float', possível perda de dados
C:\Users\matuf\source\repos\CH\vectorops.h(129,57): warning C4244: 'argumento': conversão de 'double' para 'float', possível perda de dados
C:\Users\matuf\source\repos\CH\vectorops.h(131,31): warning C4244: 'argumento': conversão de 'double' para 'float', possível perda de dados
C:\Users\matuf\source\repos\CH\vectorops.h(131,50): warning C4244: 'argumento': conversão de 'double' para 'float', possível perda de dados
C:\Users\matuf\source\repos\CH\vectorops.h(131,78): warning C4244: 'argumento': conversão de 'double' para 'float', possível perda de dados
C:\Users\matuf\source\repos\CH\vectorops.h(131,97): warning C4244: 'argumento': conversão de 'double' para 'float', possível perda de dados
C:\Users\matuf\source\repos\CH\vectorops.h(132,21): warning C4244: 'argumento': conversão de 'double' para 'float', possível perda de dados
C:\Users\matuf\source\repos\CH\vectorops.h(132,50): warning C4244: 'argumento': conversão de 'double' para 'float', possível perda de dados
C:\Users\matuf\source\repos\CH\convexhull.h(5,1): warning C4005: 'M_PI': redefinição de macro
C:\Users\matuf\source\repos\CH\vectorops.h(5): message : consulte a definição anterior de 'M_PI'
C:\Users\matuf\source\repos\CH\deulanay.h(11,49): warning C4244: 'argumento': conversão de 'double' para 'float', possível perda de dados
C:\Users\matuf\source\repos\CH\deulanay.h(13,49): warning C4244: 'argumento': conversão de 'double' para 'float', possível perda de dados
C:\Users\matuf\source\repos\CH\deulanay.h(307,197): warning C4244: 'argumento': conversão de 'double' para 'GLfloat', possível perda de dados
C:\Users\matuf\source\repos\CH\deulanay.h(307,127): warning C4244: 'argumento': conversão de 'double' para 'GLfloat', possível perda de dados
C:\Users\matuf\source\repos\CH\deulanay.h(307,43): warning C4244: 'argumento': conversão de 'double' para 'GLfloat', possível perda de dados
C:\Users\matuf\source\repos\CH\deulanay.h(310,87): warning C4244: 'argumento': conversão de 'double' para 'GLfloat', possível perda de dados
C:\Users\matuf\source\repos\CH\deulanay.h(310,56): warning C4244: 'argumento': conversão de 'double' para 'GLfloat', possível perda de dados
C:\Users\matuf\source\repos\CH\deulanay.h(310,25): warning C4244: 'argumento': conversão de 'double' para 'GLfloat', possível perda de dados
C:\Users\matuf\source\repos\CH\deulanay.h(311,87): warning C4244: 'argumento': conversão de 'double' para 'GLfloat', possível perda de dados
C:\Users\matuf\source\repos\CH\deulanay.h(311,56): warning C4244: 'argumento': conversão de 'double' para 'GLfloat', possível perda de dados
C:\Users\matuf\source\repos\CH\deulanay.h(311,25): warning C4244: 'argumento': conversão de 'double' para 'GLfloat', possível perda de dados
C:\Users\matuf\source\repos\CH\deulanay.h(312,87): warning C4244: 'argumento': conversão de 'double' para 'GLfloat', possível perda de dados
C:\Users\matuf\source\repos\CH\deulanay.h(312,56): warning C4244: 'argumento': conversão de 'double' para 'GLfloat', possível perda de dados
C:\Users\matuf\source\repos\CH\deulanay.h(312,25): warning C4244: 'argumento': conversão de 'double' para 'GLfloat', possível perda de dados
C:\Users\matuf\source\repos\CH\main.cpp(35,27): warning C4244: 'argumento': conversão de 'const double' para 'GLfloat', possível perda de dados
C:\Users\matuf\source\repos\CH\main.cpp(35,21): warning C4244: 'argumento': conversão de 'const double' para 'GLfloat', possível perda de dados
C:\Users\matuf\source\repos\CH\main.cpp(35,15): warning C4244: 'argumento': conversão de 'const double' para 'GLfloat', possível perda de dados
C:\Users\matuf\source\repos\CH\main.cpp(44,27): warning C4305: 'argumento': truncamento de 'double' para 'GLfloat'
C:\Users\matuf\source\repos\CH\main.cpp(47,44): warning C4244: 'argumento': conversão de 'double' para 'GLfloat', possível perda de dados
C:\Users\matuf\source\repos\CH\main.cpp(47,33): warning C4244: 'argumento': conversão de 'double' para 'GLfloat', possível perda de dados
C:\Users\matuf\source\repos\CH\main.cpp(47,22): warning C4244: 'argumento': conversão de 'double' para 'GLfloat', possível perda de dados
C:\Users\matuf\source\repos\CH\main.cpp(56,43): warning C4244: 'argumento': conversão de 'double' para 'GLfloat', possível perda de dados
C:\Users\matuf\source\repos\CH\main.cpp(56,32): warning C4244: 'argumento': conversão de 'double' para 'GLfloat', possível perda de dados
C:\Users\matuf\source\repos\CH\main.cpp(56,21): warning C4244: 'argumento': conversão de 'double' para 'GLfloat', possível perda de dados
C:\Users\matuf\source\repos\CH\main.cpp(57,73): warning C4244: 'argumento': conversão de 'double' para 'GLfloat', possível perda de dados
C:\Users\matuf\source\repos\CH\main.cpp(57,52): warning C4244: 'argumento': conversão de 'double' para 'GLfloat', possível perda de dados
C:\Users\matuf\source\repos\CH\main.cpp(57,31): warning C4244: 'argumento': conversão de 'double' para 'GLfloat', possível perda de dados
C:\Users\matuf\source\repos\CH\main.cpp(60,43): warning C4244: 'argumento': conversão de 'double' para 'GLfloat', possível perda de dados
C:\Users\matuf\source\repos\CH\main.cpp(60,32): warning C4244: 'argumento': conversão de 'double' para 'GLfloat', possível perda de dados
C:\Users\matuf\source\repos\CH\main.cpp(60,21): warning C4244: 'argumento': conversão de 'double' para 'GLfloat', possível perda de dados
C:\Users\matuf\source\repos\CH\main.cpp(61,73): warning C4244: 'argumento': conversão de 'double' para 'GLfloat', possível perda de dados
C:\Users\matuf\source\repos\CH\main.cpp(61,52): warning C4244: 'argumento': conversão de 'double' para 'GLfloat', possível perda de dados
C:\Users\matuf\source\repos\CH\main.cpp(61,31): warning C4244: 'argumento': conversão de 'double' para 'GLfloat', possível perda de dados
C:\Users\matuf\source\repos\CH\main.cpp(72,9): warning C4101: 'B': variável local não referenciada
C:\Users\matuf\source\repos\CH\main.cpp(71,6): warning C4101: 'a': variável local não referenciada
C:\Users\matuf\source\repos\CH\main.cpp(73,12): warning C4101: 'k': variável local não referenciada
C:\Users\matuf\source\repos\CH\main.cpp(71,9): warning C4101: 'b': variável local não referenciada
C:\Users\matuf\source\repos\CH\main.cpp(73,9): warning C4101: 'j': variável local não referenciada
C:\Users\matuf\source\repos\CH\main.cpp(73,6): warning C4101: 'i': variável local não referenciada
C:\Users\matuf\source\repos\CH\main.cpp(71,12): warning C4101: 'c': variável local não referenciada
C:\Users\matuf\source\repos\CH\main.cpp(72,6): warning C4101: 'A': variável local não referenciada
C:\Users\matuf\source\repos\CH\main.cpp(72,12): warning C4101: 'C': variável local não referenciada
C:\Users\matuf\source\repos\CH\main.cpp(109,33): warning C4244: 'argumento': conversão de 'float' para 'GLsizei', possível perda de dados
C:\Users\matuf\source\repos\CH\main.cpp(109,20): warning C4244: 'argumento': conversão de 'float' para 'GLsizei', possível perda de dados
C:\Users\matuf\source\repos\CH\main.cpp(110,15): warning C4244: 'inicializando': conversão de 'float' para 'int', possível perda de dados
C:\Users\matuf\source\repos\CH\main.cpp(110,44): warning C4244: 'inicializando': conversão de 'float' para 'int', possível perda de dados
C:\Users\matuf\source\repos\CH\main.cpp(284,57): warning C4244: 'argumento': conversão de 'float' para 'GLsizei', possível perda de dados
C:\Users\matuf\source\repos\CH\main.cpp(284,36): warning C4244: 'argumento': conversão de 'float' para 'GLsizei', possível perda de dados
C:\Users\matuf\source\repos\CH\main.cpp(285,14): warning C4244: 'inicializando': conversão de 'float' para 'int', possível perda de dados
C:\Users\matuf\source\repos\CH\main.cpp(285,59): warning C4244: 'inicializando': conversão de 'float' para 'int', possível perda de dados
  Convex-Hull.vcxproj -> C:\Users\matuf\source\repos\CH\x64\Debug\Convex-Hull.exe
