c:\users\matuf\source\repos\convex-hull\x64\debug\vc143.pdb
c:\users\matuf\source\repos\convex-hull\x64\debug\vc143.idb
c:\users\matuf\source\repos\convex-hull\x64\debug\main.obj
c:\users\matuf\source\repos\convex-hull\x64\debug\convex-hull.exe
c:\users\matuf\source\repos\convex-hull\x64\debug\convex-hull.ilk
c:\users\matuf\source\repos\convex-hull\x64\debug\convex-hull.pdb
c:\users\matuf\source\repos\convex-hull\x64\debug\convex-hull.obj
c:\users\matuf\source\repos\convex-hull\x64\debug\cube.obj
c:\users\matuf\source\repos\convex-hull\x64\debug\exemp.obj
c:\users\matuf\source\repos\convex-hull\x64\debug\mywind1.obj
c:\users\matuf\source\repos\convex-hull\x64\debug\mywind2.obj
c:\users\matuf\source\repos\convex-hull\x64\debug\mywind3.obj
c:\users\matuf\source\repos\convex-hull\x64\debug\mywind4.obj
c:\users\matuf\source\repos\convex-hull\x64\debug\mywind5.obj
c:\users\matuf\source\repos\convex-hull\x64\debug\mywind6.obj
c:\users\matuf\source\repos\convex-hull\x64\debug\mywind7.obj
c:\users\matuf\source\repos\convex-hull\x64\debug\mywind8.obj
c:\users\matuf\source\repos\convex-hull\x64\debug\tarefa.obj
c:\users\matuf\source\repos\convex-hull\x64\debug\convex-hull.tlog\cl.command.1.tlog
c:\users\matuf\source\repos\convex-hull\x64\debug\convex-hull.tlog\cl.read.1.tlog
c:\users\matuf\source\repos\convex-hull\x64\debug\convex-hull.tlog\cl.write.1.tlog
c:\users\matuf\source\repos\convex-hull\x64\debug\convex-hull.tlog\link.command.1.tlog
c:\users\matuf\source\repos\convex-hull\x64\debug\convex-hull.tlog\link.read.1.tlog
c:\users\matuf\source\repos\convex-hull\x64\debug\convex-hull.tlog\link.write.1.tlog
